{"name":"log","hostname":"arch","pid":1824,"level":30,"msg":"app ready","time":"2020-08-27T03:11:17.631Z","v":0}
{"name":"log","hostname":"arch","pid":1824,"level":30,"msg":"starting version 1.34.5","time":"2020-08-27T03:11:17.631Z","v":0}
{"name":"log","hostname":"arch","pid":1824,"level":30,"msg":"updateSchema:\n  Current user_version: 20;\n  Most recent db schema: 20;\n  SQLite version: 3.30.1;\n  SQLCipher version: 4.3.0 community;\n  (deprecated) schema_version: 109;\n","time":"2020-08-27T03:11:17.638Z","v":0}
{"name":"log","hostname":"arch","pid":1824,"level":30,"msg":"Initializing BrowserWindow config: {\"show\":true,\"width\":1858,\"height\":987,\"minWidth\":680,\"minHeight\":550,\"autoHideMenuBar\":true,\"backgroundColor\":\"#3a76f0\",\"webPreferences\":{\"nodeIntegration\":false,\"nodeIntegrationInWorker\":false,\"contextIsolation\":false,\"preload\":\"/usr/lib/signal-desktop/resources/app.asar/preload.js\",\"nativeWindowOpen\":true,\"spellcheck\":true},\"icon\":\"/usr/lib/signal-desktop/resources/app.asar/images/signal-logo-desktop-linux.png\",\"x\":31,\"y\":62}","time":"2020-08-27T03:11:17.646Z","v":0}
{"name":"log","hostname":"arch","pid":1824,"level":30,"msg":"spellcheck: user locale: en-US","time":"2020-08-27T03:11:17.690Z","v":0}
{"name":"log","hostname":"arch","pid":1824,"level":30,"msg":"spellcheck: available spellchecker languages:  [\"af\",\"bg\",\"ca\",\"cs\",\"cy\",\"da\",\"de\",\"el\",\"en-AU\",\"en-CA\",\"en-GB\",\"en-US\",\"es\",\"es-419\",\"es-AR\",\"es-ES\",\"es-MX\",\"es-US\",\"et\",\"fa\",\"fo\",\"fr\",\"he\",\"hi\",\"hr\",\"hu\",\"hy\",\"id\",\"it\",\"ko\",\"lt\",\"lv\",\"nb\",\"nl\",\"pl\",\"pt-BR\",\"pt-PT\",\"ro\",\"ru\",\"sh\",\"sk\",\"sl\",\"sq\",\"sr\",\"sv\",\"ta\",\"tg\",\"tr\",\"uk\",\"vi\"]","time":"2020-08-27T03:11:17.690Z","v":0}
{"name":"log","hostname":"arch","pid":1824,"level":30,"msg":"spellcheck: setting languages to:  [\"en-US\"]","time":"2020-08-27T03:11:17.690Z","v":0}
{"name":"log","hostname":"arch","pid":1824,"level":30,"msg":"Begin ensuring permissions","time":"2020-08-27T03:11:17.703Z","v":0}
{"name":"log","hostname":"arch","pid":1824,"level":30,"msg":"Ensuring file permissions for 2 files","time":"2020-08-27T03:11:17.754Z","v":0}
{"name":"log","hostname":"arch","pid":1824,"level":30,"msg":"Finish ensuring permissions in 53ms","time":"2020-08-27T03:11:17.756Z","v":0}
{"name":"log","hostname":"arch","pid":1824,"level":30,"msg":"Updating BrowserWindow config: {\"maximized\":false,\"autoHideMenuBar\":true,\"fullscreen\":false,\"width\":1049,\"height\":987,\"x\":31,\"y\":62}","time":"2020-08-27T03:11:18.685Z","v":0}
{"name":"log","hostname":"arch","pid":1824,"level":30,"msg":"config/set: Saving ephemeral config to disk","time":"2020-08-27T03:11:18.685Z","v":0}
{"name":"log","hostname":"arch","pid":1824,"level":30,"time":"2020-08-27T03:11:18.395Z","msg":"x-attr dependncy did not load successfully","v":0}
{"name":"log","hostname":"arch","pid":1824,"level":30,"time":"2020-08-27T03:11:18.412Z","msg":"preload complete","v":0}
{"name":"log","hostname":"arch","pid":1824,"level":30,"time":"2020-08-27T03:11:18.541Z","msg":"pre-main prep time: 1 ms","v":0}
{"name":"log","hostname":"arch","pid":1824,"level":30,"time":"2020-08-27T03:11:18.613Z","msg":"background page reloaded","v":0}
{"name":"log","hostname":"arch","pid":1824,"level":30,"time":"2020-08-27T03:11:18.613Z","msg":"environment: production","v":0}
{"name":"log","hostname":"arch","pid":1824,"level":30,"time":"2020-08-27T03:11:18.650Z","msg":"SQL channel job 1 (getItemById) succeeded in 36ms","v":0}
{"name":"log","hostname":"arch","pid":1824,"level":30,"time":"2020-08-27T03:11:18.650Z","msg":"Storage fetch","v":0}
{"name":"log","hostname":"arch","pid":1824,"level":30,"time":"2020-08-27T03:11:18.742Z","msg":"SQL channel job 2 (getAllItems) succeeded in 92ms","v":0}
{"name":"log","hostname":"arch","pid":1824,"level":30,"time":"2020-08-27T03:11:18.759Z","msg":"SQL channel job 3 (createOrUpdateItem) succeeded in 15ms","v":0}
{"name":"log","hostname":"arch","pid":1824,"level":30,"time":"2020-08-27T03:11:18.778Z","msg":"SQL channel job 5 (createOrUpdateItem) succeeded in 18ms","v":0}
{"name":"log","hostname":"arch","pid":1824,"level":30,"time":"2020-08-27T03:11:18.778Z","msg":"Starting background data migration. Target version: 10","v":0}
{"name":"log","hostname":"arch","pid":1824,"level":30,"time":"2020-08-27T03:11:18.778Z","msg":"ConversationController: starting initial fetch","v":0}
{"name":"log","hostname":"arch","pid":1824,"level":30,"time":"2020-08-27T03:11:18.787Z","msg":"SignalProtocolStore: Finished caching sessions data","v":0}
{"name":"log","hostname":"arch","pid":1824,"level":30,"time":"2020-08-27T03:11:18.787Z","msg":"SignalProtocolStore: Finished caching identityKeys data","v":0}
{"name":"log","hostname":"arch","pid":1824,"level":30,"time":"2020-08-27T03:11:18.789Z","msg":"ConversationController: done with initial fetch","v":0}
{"name":"log","hostname":"arch","pid":1824,"level":30,"time":"2020-08-27T03:11:18.792Z","msg":"SignalProtocolStore: Finished caching preKeys data","v":0}
{"name":"log","hostname":"arch","pid":1824,"level":30,"time":"2020-08-27T03:11:18.792Z","msg":"SignalProtocolStore: Finished caching signedPreKeys data","v":0}
{"name":"log","hostname":"arch","pid":1824,"level":30,"time":"2020-08-27T03:11:18.793Z","msg":"Cleanup: starting...","v":0}
{"name":"log","hostname":"arch","pid":1824,"level":30,"time":"2020-08-27T03:11:18.793Z","msg":"Initializing network observer every 5000ms","v":0}
{"name":"log","hostname":"arch","pid":1824,"level":30,"time":"2020-08-27T03:11:18.793Z","msg":"Cleanup: Found 0 messages for cleanup","v":0}
{"name":"log","hostname":"arch","pid":1824,"level":30,"time":"2020-08-27T03:11:18.793Z","msg":"Cleanup: complete","v":0}
{"name":"log","hostname":"arch","pid":1824,"level":30,"time":"2020-08-27T03:11:18.793Z","msg":"listening for registration events","v":0}
{"name":"log","hostname":"arch","pid":1824,"level":30,"time":"2020-08-27T03:11:18.802Z","msg":"connect {\"connectCount\":0}","v":0}
{"name":"log","hostname":"arch","pid":1824,"level":30,"time":"2020-08-27T03:11:18.803Z","msg":"Initializing socket and listening for messages","v":0}
{"name":"log","hostname":"arch","pid":1824,"level":30,"time":"2020-08-27T03:11:18.803Z","msg":"getAllFromCache","v":0}
{"name":"log","hostname":"arch","pid":1824,"level":30,"time":"2020-08-27T03:11:18.804Z","msg":"opening message socket https://textsecure-service.whispersystems.org","v":0}
{"name":"log","hostname":"arch","pid":1824,"level":30,"time":"2020-08-27T03:11:18.811Z","msg":"attachment_downloads/start: enabling","v":0}
{"name":"log","hostname":"arch","pid":1824,"level":30,"time":"2020-08-27T03:11:18.811Z","msg":"Start idle detector","v":0}
{"name":"log","hostname":"arch","pid":1824,"level":30,"time":"2020-08-27T03:11:18.811Z","msg":"open inbox","v":0}
{"name":"log","hostname":"arch","pid":1824,"level":30,"time":"2020-08-27T03:11:18.856Z","msg":"SQL channel job 20 (getNextExpiringMessage) succeeded in 54ms","v":0}
{"name":"log","hostname":"arch","pid":1824,"level":30,"time":"2020-08-27T03:11:18.857Z","msg":"next message expires 2020-08-26T21:48:04.384Z","v":0}
{"name":"log","hostname":"arch","pid":1824,"level":30,"time":"2020-08-27T03:11:18.857Z","msg":"SQL channel job 21 (getNextTapToViewMessageToAgeOut) succeeded in 55ms","v":0}
{"name":"log","hostname":"arch","pid":1824,"level":30,"time":"2020-08-27T03:11:18.857Z","msg":"SQL channel job 22 (getUnprocessedCount) succeeded in 54ms","v":0}
{"name":"log","hostname":"arch","pid":1824,"level":30,"time":"2020-08-27T03:11:18.858Z","msg":"SQL channel job 23 (resetAttachmentDownloadPending) succeeded in 47ms","v":0}
{"name":"log","hostname":"arch","pid":1824,"level":30,"time":"2020-08-27T03:11:18.858Z","msg":"getAllFromCache loaded 0 saved envelopes","v":0}
{"name":"log","hostname":"arch","pid":1824,"level":30,"time":"2020-08-27T03:11:18.859Z","msg":"destroyExpiredMessages: Loading messages...","v":0}
{"name":"log","hostname":"arch","pid":1824,"level":30,"time":"2020-08-27T03:11:18.866Z","msg":"Message expired {\"sentAt\":1598478423435}","v":0}
{"name":"log","hostname":"arch","pid":1824,"level":30,"time":"2020-08-27T03:11:18.866Z","msg":"Message expired {\"sentAt\":1598478436037}","v":0}
{"name":"log","hostname":"arch","pid":1824,"level":30,"time":"2020-08-27T03:11:18.867Z","msg":"Message expired {\"sentAt\":1598478452380}","v":0}
{"name":"log","hostname":"arch","pid":1824,"level":30,"time":"2020-08-27T03:11:18.893Z","msg":"SQL channel job 31 (removeMessage) succeeded in 22ms","v":0}
{"name":"log","hostname":"arch","pid":1824,"level":30,"time":"2020-08-27T03:11:18.906Z","msg":"SQL channel job 32 (removeMessage) succeeded in 35ms","v":0}
{"name":"log","hostname":"arch","pid":1824,"level":30,"time":"2020-08-27T03:11:18.908Z","msg":"destroyExpiredMessages: complete","v":0}
{"name":"log","hostname":"arch","pid":1824,"level":30,"time":"2020-08-27T03:11:19.206Z","msg":"websocket open","v":0}
{"name":"log","hostname":"arch","pid":1824,"level":30,"time":"2020-08-27T03:11:19.220Z","msg":"got request PUT /api/v1/queue/empty","v":0}
{"name":"log","hostname":"arch","pid":1824,"level":30,"time":"2020-08-27T03:11:19.222Z","msg":"MessageReceiver: finished processing messages after 'empty', now waiting for application","v":0}
{"name":"log","hostname":"arch","pid":1824,"level":30,"time":"2020-08-27T03:11:19.222Z","msg":"MessageReceiver: emitting 'empty' event","v":0}
{"name":"log","hostname":"arch","pid":1824,"level":30,"msg":"updater/start: Updates disabled - not starting new version checks","time":"2020-08-27T03:11:19.239Z","v":0}
{"name":"log","hostname":"arch","pid":1824,"level":30,"time":"2020-08-27T03:11:19.239Z","msg":"SQL channel job 35 (updateConversations) succeeded in 17ms","v":0}
{"name":"log","hostname":"arch","pid":1824,"level":30,"time":"2020-08-27T03:11:19.239Z","msg":"onEmpty: All outstanding database requests complete","v":0}
{"name":"log","hostname":"arch","pid":1824,"level":30,"time":"2020-08-27T03:11:19.239Z","msg":"Next signed key rotation scheduled for 2020-08-27T04:06:04.551Z","v":0}
{"name":"log","hostname":"arch","pid":1824,"level":30,"time":"2020-08-27T03:11:19.239Z","msg":"refreshSenderCertificate: Getting new certificate...","v":0}
{"name":"log","hostname":"arch","pid":1824,"level":30,"time":"2020-08-27T03:11:19.241Z","msg":"GET https://textsecure-service.whispersystems.org/v1/certificate/delivery?includeUuid=true","v":0}
{"name":"log","hostname":"arch","pid":1824,"level":30,"time":"2020-08-27T03:11:19.889Z","msg":"SQL channel job 36 (createOrUpdateItem) succeeded in 75ms","v":0}
{"name":"log","hostname":"arch","pid":1824,"level":30,"time":"2020-08-27T03:11:20.630Z","msg":"GET https://textsecure-service.whispersystems.org/v1/certificate/delivery?includeUuid=true 200 Success","v":0}
{"name":"log","hostname":"arch","pid":1824,"level":30,"time":"2020-08-27T03:11:20.631Z","msg":"Next sender certificate refresh scheduled for 2020-08-28T03:11:20.631Z","v":0}
{"name":"log","hostname":"arch","pid":1824,"level":30,"time":"2020-08-27T03:11:20.631Z","msg":"refreshOurProfile","v":0}
{"name":"log","hostname":"arch","pid":1824,"level":30,"time":"2020-08-27T03:11:20.649Z","msg":"GET https://textsecure-service.whispersystems.org/v1/profile/[REDACTED]e19 (unauth)","v":0}
{"name":"log","hostname":"arch","pid":1824,"level":30,"time":"2020-08-27T03:11:20.655Z","msg":"SQL channel job 37 (createOrUpdateItem) succeeded in 25ms","v":0}
{"name":"log","hostname":"arch","pid":1824,"level":30,"time":"2020-08-27T03:11:21.034Z","msg":"GET https://textsecure-service.whispersystems.org/v1/profile/[REDACTED]e19 200 Success","v":0}
{"name":"log","hostname":"arch","pid":1824,"level":30,"time":"2020-08-27T03:11:21.039Z","msg":"Setting sealedSender to ENABLED for conversation [REDACTED]e19 ([REDACTED]867)","v":0}
{"name":"log","hostname":"arch","pid":1824,"level":30,"time":"2020-08-27T03:11:23.385Z","msg":"open inbox","v":0}
{"name":"log","hostname":"arch","pid":1824,"level":30,"time":"2020-08-27T03:11:23.452Z","msg":"GET https://textsecure-service.whispersystems.org/v1/profile/[REDACTED]e19 (unauth)","v":0}
{"name":"log","hostname":"arch","pid":1824,"level":30,"time":"2020-08-27T03:11:23.457Z","msg":"SQL channel job 38 (getMessageMetricsForConversation) succeeded in 23ms","v":0}
{"name":"log","hostname":"arch","pid":1824,"level":30,"time":"2020-08-27T03:11:23.458Z","msg":"SQL channel job 39 (getOlderMessagesByConversation) succeeded in 25ms","v":0}
{"name":"log","hostname":"arch","pid":1824,"level":30,"time":"2020-08-27T03:11:23.468Z","msg":"SQL channel job 40 (getOlderMessagesByConversation) succeeded in 11ms","v":0}
{"name":"log","hostname":"arch","pid":1824,"level":30,"time":"2020-08-27T03:11:23.546Z","msg":"GET https://textsecure-service.whispersystems.org/v1/profile/[REDACTED]e19 200 Success","v":0}
{"name":"log","hostname":"arch","pid":1824,"level":30,"time":"2020-08-27T03:11:23.546Z","msg":"Setting sealedSender to ENABLED for conversation [REDACTED]e19 ([REDACTED]867)","v":0}
{"name":"log","hostname":"arch","pid":1824,"level":30,"time":"2020-08-27T03:11:23.873Z","msg":"Upgrade message schema (with index): {\"done\":true,\"numProcessed\":0,\"fetchDuration\":0,\"upgradeDuration\":0,\"saveDuration\":0,\"totalDuration\":0}","v":0}
{"name":"log","hostname":"arch","pid":1824,"level":30,"time":"2020-08-27T03:11:23.873Z","msg":"Background migration complete. Stopping idle detector.","v":0}
{"name":"log","hostname":"arch","pid":1824,"level":30,"time":"2020-08-27T03:11:23.873Z","msg":"Stop idle detector","v":0}
{"name":"log","hostname":"arch","pid":1824,"level":30,"time":"2020-08-27T03:11:24.484Z","msg":"Send pre-checks took 5 milliseconds","v":0}
{"name":"log","hostname":"arch","pid":1824,"level":30,"time":"2020-08-27T03:11:24.485Z","msg":"Sending message to conversation [REDACTED]e19 ([REDACTED]867) with timestamp 1598497884485","v":0}
{"name":"log","hostname":"arch","pid":1824,"level":30,"time":"2020-08-27T03:11:24.557Z","msg":"SQL channel job 44 (saveMessage) succeeded in 30ms","v":0}
{"name":"log","hostname":"arch","pid":1824,"level":30,"time":"2020-08-27T03:11:24.591Z","msg":"SQL channel job 45 (saveMessage) succeeded in 15ms","v":0}
{"name":"log","hostname":"arch","pid":1824,"level":30,"time":"2020-08-27T03:11:24.591Z","msg":"Set message expiration {\"expiresAt\":1598497944575,\"sentAt\":1598497884485}","v":0}
{"name":"log","hostname":"arch","pid":1824,"level":30,"time":"2020-08-27T03:11:24.595Z","msg":"PUT https://textsecure-service.whispersystems.org/v1/messages/[REDACTED]e19","v":0}
{"name":"log","hostname":"arch","pid":1824,"level":30,"time":"2020-08-27T03:11:24.690Z","msg":"PUT https://textsecure-service.whispersystems.org/v1/messages/[REDACTED]e19 200 Success","v":0}
{"name":"log","hostname":"arch","pid":1824,"level":30,"time":"2020-08-27T03:11:24.706Z","msg":"SQL channel job 46 (saveMessage) succeeded in 13ms","v":0}
{"name":"log","hostname":"arch","pid":1824,"level":30,"time":"2020-08-27T03:11:24.721Z","msg":"SQL channel job 47 (saveMessage) succeeded in 13ms","v":0}
{"name":"log","hostname":"arch","pid":1824,"level":30,"time":"2020-08-27T03:11:25.109Z","msg":"SQL channel job 50 (createOrUpdateSessions) succeeded in 14ms","v":0}
{"name":"log","hostname":"arch","pid":1824,"level":30,"time":"2020-08-27T03:11:25.243Z","msg":"SQL channel job 51 (updateConversations) succeeded in 14ms","v":0}
{"name":"log","hostname":"arch","pid":1824,"level":30,"time":"2020-08-27T03:11:25.722Z","msg":"next message expires 2020-08-27T03:12:24.575Z","v":0}
{"name":"log","hostname":"arch","pid":1824,"level":30,"time":"2020-08-27T03:11:28.293Z","msg":"SQL channel job 54 (saveUnprocesseds) succeeded in 27ms","v":0}
{"name":"log","hostname":"arch","pid":1824,"level":30,"time":"2020-08-27T03:11:28.293Z","msg":"queueing envelope [REDACTED]e19.4 1598497886810 (c06ddf594ec94882abe1b324616b3ac1)","v":0}
{"name":"log","hostname":"arch","pid":1824,"level":30,"time":"2020-08-27T03:11:28.294Z","msg":"message from [REDACTED]e19.4 1598497886810 (c06ddf594ec94882abe1b324616b3ac1)","v":0}
{"name":"log","hostname":"arch","pid":1824,"level":30,"time":"2020-08-27T03:11:28.294Z","msg":"queueing envelope [REDACTED]e19.4 1598497886813 (69564dfc091341efacffa8998851456d)","v":0}
{"name":"log","hostname":"arch","pid":1824,"level":30,"time":"2020-08-27T03:11:28.294Z","msg":"queueing envelope [REDACTED]e19.4 1598497886814 (d55b768b73924eb2af2b301b51b1222e)","v":0}
{"name":"log","hostname":"arch","pid":1824,"level":30,"time":"2020-08-27T03:11:28.294Z","msg":"queueing envelope [REDACTED]e19.4 1598497886815 (95e7638ac5ee490b996ce751d9b9b349)","v":0}
{"name":"log","hostname":"arch","pid":1824,"level":30,"time":"2020-08-27T03:11:28.294Z","msg":"queueing envelope [REDACTED]e19.4 1598497886815 (d70b8c42195c45e3b4ad709a78c8e573)","v":0}
{"name":"log","hostname":"arch","pid":1824,"level":30,"time":"2020-08-27T03:11:28.295Z","msg":"New remote ephemeral key","v":0}
{"name":"log","hostname":"arch","pid":1824,"level":30,"time":"2020-08-27T03:11:28.300Z","msg":"Got SyncMessage Request","v":0}
{"name":"log","hostname":"arch","pid":1824,"level":30,"time":"2020-08-27T03:11:28.300Z","msg":"message from [REDACTED]e19.4 1598497886813 (69564dfc091341efacffa8998851456d)","v":0}
{"name":"log","hostname":"arch","pid":1824,"level":30,"time":"2020-08-27T03:11:28.301Z","msg":"Got SyncMessage Request","v":0}
{"name":"log","hostname":"arch","pid":1824,"level":30,"time":"2020-08-27T03:11:28.301Z","msg":"message from [REDACTED]e19.4 1598497886814 (d55b768b73924eb2af2b301b51b1222e)","v":0}
{"name":"log","hostname":"arch","pid":1824,"level":30,"time":"2020-08-27T03:11:28.302Z","msg":"Got SyncMessage Request","v":0}
{"name":"log","hostname":"arch","pid":1824,"level":30,"time":"2020-08-27T03:11:28.302Z","msg":"message from [REDACTED]e19.4 1598497886815 (95e7638ac5ee490b996ce751d9b9b349)","v":0}
{"name":"log","hostname":"arch","pid":1824,"level":30,"time":"2020-08-27T03:11:28.304Z","msg":"Got SyncMessage Request","v":0}
{"name":"log","hostname":"arch","pid":1824,"level":30,"time":"2020-08-27T03:11:28.304Z","msg":"message from [REDACTED]e19.4 1598497886815 (d70b8c42195c45e3b4ad709a78c8e573)","v":0}
{"name":"log","hostname":"arch","pid":1824,"level":30,"time":"2020-08-27T03:11:28.305Z","msg":"Got SyncMessage Request","v":0}
{"name":"log","hostname":"arch","pid":1824,"level":30,"time":"2020-08-27T03:11:28.820Z","msg":"SQL channel job 55 (createOrUpdateSessions) succeeded in 15ms","v":0}
{"name":"log","hostname":"arch","pid":1824,"level":30,"time":"2020-08-27T03:11:28.831Z","msg":"SQL channel job 56 (updateUnprocessedsWithData) succeeded in 26ms","v":0}
{"name":"log","hostname":"arch","pid":1824,"level":30,"time":"2020-08-27T03:11:28.841Z","msg":"SQL channel job 57 (removeUnprocessed) succeeded in 36ms","v":0}
{"name":"log","hostname":"arch","pid":1824,"level":30,"msg":"Updating BrowserWindow config: {\"maximized\":false,\"autoHideMenuBar\":true,\"fullscreen\":false,\"width\":1049,\"height\":987,\"x\":-2101,\"y\":62}","time":"2020-08-27T03:11:30.735Z","v":0}
{"name":"log","hostname":"arch","pid":1824,"level":30,"msg":"config/set: Saving ephemeral config to disk","time":"2020-08-27T03:11:30.736Z","v":0}
{"name":"log","hostname":"arch","pid":1824,"level":30,"time":"2020-08-27T03:11:31.568Z","msg":"SQL channel job 58 (saveUnprocesseds) succeeded in 25ms","v":0}
{"name":"log","hostname":"arch","pid":1824,"level":30,"time":"2020-08-27T03:11:31.568Z","msg":"queueing envelope [REDACTED]e19.1 1598497890007 (9f992b865f874ad5b03f382bc0fb7f48)","v":0}
{"name":"log","hostname":"arch","pid":1824,"level":30,"time":"2020-08-27T03:11:31.568Z","msg":"message from [REDACTED]e19.1 1598497890007 (9f992b865f874ad5b03f382bc0fb7f48)","v":0}
{"name":"log","hostname":"arch","pid":1824,"level":30,"time":"2020-08-27T03:11:31.569Z","msg":"queueing envelope [REDACTED]e19.1 1598497890017 (39cc2938a7494750915ca5c71325684c)","v":0}
{"name":"log","hostname":"arch","pid":1824,"level":30,"time":"2020-08-27T03:11:31.569Z","msg":"New remote ephemeral key","v":0}
{"name":"log","hostname":"arch","pid":1824,"level":30,"time":"2020-08-27T03:11:31.572Z","msg":"Deleting chain closed at 1598218998243","v":0}
{"name":"log","hostname":"arch","pid":1824,"level":30,"time":"2020-08-27T03:11:31.573Z","msg":"Setting these numbers as blocked: []","v":0}
{"name":"log","hostname":"arch","pid":1824,"level":30,"time":"2020-08-27T03:11:31.582Z","msg":"Setting these uuids as blocked: []","v":0}
{"name":"log","hostname":"arch","pid":1824,"level":30,"time":"2020-08-27T03:11:31.592Z","msg":"Setting these groups as blocked: []","v":0}
{"name":"log","hostname":"arch","pid":1824,"level":30,"time":"2020-08-27T03:11:31.602Z","msg":"message from [REDACTED]e19.1 1598497890017 (39cc2938a7494750915ca5c71325684c)","v":0}
{"name":"log","hostname":"arch","pid":1824,"level":30,"time":"2020-08-27T03:11:31.603Z","msg":"got configuration sync message","v":0}
{"name":"log","hostname":"arch","pid":1824,"level":30,"time":"2020-08-27T03:11:31.639Z","msg":"SQL channel job 64 (createOrUpdateItem) succeeded in 34ms","v":0}
{"name":"log","hostname":"arch","pid":1824,"level":30,"time":"2020-08-27T03:11:31.639Z","msg":"SQL channel job 63 (createOrUpdateItem) succeeded in 35ms","v":0}
{"name":"log","hostname":"arch","pid":1824,"level":30,"time":"2020-08-27T03:11:31.639Z","msg":"SQL channel job 65 (createOrUpdateItem) succeeded in 35ms","v":0}
{"name":"log","hostname":"arch","pid":1824,"level":30,"time":"2020-08-27T03:11:31.785Z","msg":"SQL channel job 66 (saveUnprocesseds) succeeded in 13ms","v":0}
{"name":"log","hostname":"arch","pid":1824,"level":30,"time":"2020-08-27T03:11:31.786Z","msg":"queueing envelope [REDACTED]e19.1 1598497890008 (b28571563b544f0b8251e2ac737963ed)","v":0}
{"name":"log","hostname":"arch","pid":1824,"level":30,"time":"2020-08-27T03:11:31.786Z","msg":"message from [REDACTED]e19.1 1598497890008 (b28571563b544f0b8251e2ac737963ed)","v":0}
{"name":"log","hostname":"arch","pid":1824,"level":30,"time":"2020-08-27T03:11:31.787Z","msg":"contact sync","v":0}
{"name":"log","hostname":"arch","pid":1824,"level":30,"time":"2020-08-27T03:11:31.789Z","msg":"GET https://cdn.signal.org/attachments/1139790976284646317","v":0}
{"name":"log","hostname":"arch","pid":1824,"level":30,"time":"2020-08-27T03:11:32.300Z","msg":"SQL channel job 67 (createOrUpdateSessions) succeeded in 13ms","v":0}
{"name":"log","hostname":"arch","pid":1824,"level":30,"time":"2020-08-27T03:11:32.310Z","msg":"SQL channel job 68 (updateUnprocessedsWithData) succeeded in 23ms","v":0}
{"name":"log","hostname":"arch","pid":1824,"level":30,"time":"2020-08-27T03:11:32.320Z","msg":"SQL channel job 69 (removeUnprocessed) succeeded in 33ms","v":0}
{"name":"log","hostname":"arch","pid":1824,"level":30,"time":"2020-08-27T03:11:32.366Z","msg":"GET https://cdn.signal.org/attachments/1139790976284646317 200 Success","v":0}
{"name":"log","hostname":"arch","pid":1824,"level":30,"time":"2020-08-27T03:11:32.371Z","msg":"handleContacts: finished","v":0}
{"name":"log","hostname":"arch","pid":1824,"level":30,"time":"2020-08-27T03:11:32.372Z","msg":"got verified sync for +[REDACTED]508 [REDACTED]970 DEFAULT via contact sync","v":0}
{"name":"log","hostname":"arch","pid":1824,"level":30,"time":"2020-08-27T03:11:32.374Z","msg":"got verified sync for +[REDACTED]509 [REDACTED]E0B DEFAULT via contact sync","v":0}
{"name":"log","hostname":"arch","pid":1824,"level":30,"time":"2020-08-27T03:11:32.376Z","msg":"got verified sync for +[REDACTED]513 [REDACTED]2A6 DEFAULT via contact sync","v":0}
{"name":"log","hostname":"arch","pid":1824,"level":30,"time":"2020-08-27T03:11:32.376Z","msg":"Got sync message with our own profile key","v":0}
{"name":"log","hostname":"arch","pid":1824,"level":30,"time":"2020-08-27T03:11:32.377Z","msg":"got verified sync for +[REDACTED]456 [REDACTED]E19 DEFAULT via contact sync","v":0}
{"name":"log","hostname":"arch","pid":1824,"level":30,"time":"2020-08-27T03:11:32.377Z","msg":"SQL channel job 70 (saveUnprocesseds) succeeded in 17ms","v":0}
{"name":"log","hostname":"arch","pid":1824,"level":30,"time":"2020-08-27T03:11:32.378Z","msg":"queueing envelope [REDACTED]e19.1 1598497890713 (ec193496dac44fe593f1f0657a7e204e)","v":0}
{"name":"log","hostname":"arch","pid":1824,"level":30,"time":"2020-08-27T03:11:32.378Z","msg":"message from [REDACTED]e19.1 1598497890713 (ec193496dac44fe593f1f0657a7e204e)","v":0}
{"name":"log","hostname":"arch","pid":1824,"level":30,"time":"2020-08-27T03:11:32.379Z","msg":"contact sync","v":0}
{"name":"log","hostname":"arch","pid":1824,"level":30,"time":"2020-08-27T03:11:32.379Z","msg":"GET https://cdn.signal.org/attachments/7905784400385527444","v":0}
{"name":"log","hostname":"arch","pid":1824,"level":30,"time":"2020-08-27T03:11:32.890Z","msg":"SQL channel job 72 (updateConversations) succeeded in 13ms","v":0}
{"name":"log","hostname":"arch","pid":1824,"level":30,"time":"2020-08-27T03:11:32.900Z","msg":"SQL channel job 73 (createOrUpdateSessions) succeeded in 21ms","v":0}
{"name":"log","hostname":"arch","pid":1824,"level":30,"time":"2020-08-27T03:11:32.909Z","msg":"SQL channel job 74 (updateUnprocessedsWithData) succeeded in 30ms","v":0}
{"name":"log","hostname":"arch","pid":1824,"level":30,"time":"2020-08-27T03:11:32.918Z","msg":"SQL channel job 75 (removeUnprocessed) succeeded in 39ms","v":0}
{"name":"log","hostname":"arch","pid":1824,"level":30,"time":"2020-08-27T03:11:32.981Z","msg":"GET https://cdn.signal.org/attachments/7905784400385527444 200 Success","v":0}
{"name":"log","hostname":"arch","pid":1824,"level":30,"time":"2020-08-27T03:11:32.982Z","msg":"Got sync message with our own profile key","v":0}
{"name":"log","hostname":"arch","pid":1824,"level":30,"time":"2020-08-27T03:11:32.983Z","msg":"handleContacts: finished","v":0}
{"name":"log","hostname":"arch","pid":1824,"level":30,"time":"2020-08-27T03:11:32.984Z","msg":"got verified sync for +[REDACTED]456 [REDACTED]E19 DEFAULT via contact sync","v":0}
{"name":"log","hostname":"arch","pid":1824,"level":30,"time":"2020-08-27T03:11:33.193Z","msg":"SQL channel job 77 (saveUnprocesseds) succeeded in 13ms","v":0}
{"name":"log","hostname":"arch","pid":1824,"level":30,"time":"2020-08-27T03:11:33.194Z","msg":"queueing envelope [REDACTED]e19.1 1598497889983 (5bc59bc554df4a13a7031b56d3195f4b)","v":0}
{"name":"log","hostname":"arch","pid":1824,"level":30,"time":"2020-08-27T03:11:33.194Z","msg":"message from [REDACTED]e19.1 1598497889983 (5bc59bc554df4a13a7031b56d3195f4b)","v":0}
{"name":"log","hostname":"arch","pid":1824,"level":30,"time":"2020-08-27T03:11:33.195Z","msg":"group sync","v":0}
{"name":"log","hostname":"arch","pid":1824,"level":30,"time":"2020-08-27T03:11:33.196Z","msg":"GET https://cdn.signal.org/attachments/4441279983492289632","v":0}
{"name":"log","hostname":"arch","pid":1824,"level":30,"time":"2020-08-27T03:11:33.424Z","msg":"SQL channel job 78 (saveUnprocesseds) succeeded in 11ms","v":0}
{"name":"log","hostname":"arch","pid":1824,"level":30,"time":"2020-08-27T03:11:33.424Z","msg":"queueing envelope [REDACTED]e19.1 1598497890550 (51fb84fdff1c4f6587790aefeb3399ea)","v":0}
{"name":"log","hostname":"arch","pid":1824,"level":30,"time":"2020-08-27T03:11:33.424Z","msg":"message from [REDACTED]e19.1 1598497890550 (51fb84fdff1c4f6587790aefeb3399ea)","v":0}
{"name":"log","hostname":"arch","pid":1824,"level":50,"time":"2020-08-27T03:11:33.425Z","msg":"queueEnvelope error handling envelope [REDACTED]e19.1 1598497890550 (51fb84fdff1c4f6587790aefeb3399ea) : Error: Got empty SyncMessage\n    at MessageReceiverInner.handleSyncMessage ([REDACTED]/app.asar/ts/textsecure/MessageReceiver.js:968:15)\n    at MessageReceiverInner.innerHandleContentMessage ([REDACTED]/app.asar/ts/textsecure/MessageReceiver.js:815:25)\n    at [REDACTED]/app.asar/ts/textsecure/MessageReceiver.js:809:25","v":0}
{"name":"log","hostname":"arch","pid":1824,"level":30,"time":"2020-08-27T03:11:33.583Z","msg":"Remove all notifications","v":0}
{"name":"log","hostname":"arch","pid":1824,"level":30,"time":"2020-08-27T03:11:33.597Z","msg":"GET https://cdn.signal.org/attachments/4441279983492289632 200 Success","v":0}
{"name":"log","hostname":"arch","pid":1824,"level":30,"time":"2020-08-27T03:11:33.936Z","msg":"SQL channel job 80 (createOrUpdateSessions) succeeded in 11ms","v":0}
{"name":"log","hostname":"arch","pid":1824,"level":30,"time":"2020-08-27T03:11:33.945Z","msg":"SQL channel job 81 (updateUnprocessedsWithData) succeeded in 20ms","v":0}
{"name":"log","hostname":"arch","pid":1824,"level":30,"time":"2020-08-27T03:11:33.955Z","msg":"SQL channel job 82 (removeUnprocessed) succeeded in 30ms","v":0}
{"name":"log","hostname":"arch","pid":1824,"level":30,"time":"2020-08-27T03:11:34.598Z","msg":"SQL channel job 85 (updateConversations) succeeded in 13ms","v":0}
{"name":"log","hostname":"arch","pid":1824,"level":30,"msg":"Updating BrowserWindow config: {\"maximized\":false,\"autoHideMenuBar\":true,\"fullscreen\":false,\"width\":1049,\"height\":987,\"x\":31,\"y\":62}","time":"2020-08-27T03:11:55.311Z","v":0}
{"name":"log","hostname":"arch","pid":1824,"level":30,"msg":"config/set: Saving ephemeral config to disk","time":"2020-08-27T03:11:55.311Z","v":0}
{"name":"log","hostname":"arch","pid":1824,"level":30,"time":"2020-08-27T03:12:06.166Z","msg":"queueing envelope [REDACTED]e19.1 1598497925259 (3629eb3e7b7b4202be02f0ba08fc2d31)","v":0}
{"name":"log","hostname":"arch","pid":1824,"level":30,"time":"2020-08-27T03:12:06.166Z","msg":"message from [REDACTED]e19.1 1598497925259 (3629eb3e7b7b4202be02f0ba08fc2d31)","v":0}
{"name":"log","hostname":"arch","pid":1824,"level":50,"time":"2020-08-27T03:12:06.168Z","msg":"queueEnvelope error handling envelope [REDACTED]e19.1 1598497925259 (3629eb3e7b7b4202be02f0ba08fc2d31) : Error: Got empty SyncMessage\n    at MessageReceiverInner.handleSyncMessage ([REDACTED]/app.asar/ts/textsecure/MessageReceiver.js:968:15)\n    at MessageReceiverInner.innerHandleContentMessage ([REDACTED]/app.asar/ts/textsecure/MessageReceiver.js:815:25)\n    at [REDACTED]/app.asar/ts/textsecure/MessageReceiver.js:809:25","v":0}
{"name":"log","hostname":"arch","pid":1824,"level":30,"time":"2020-08-27T03:12:06.687Z","msg":"SQL channel job 88 (updateUnprocessedsWithData) succeeded in 19ms","v":0}
{"name":"log","hostname":"arch","pid":1824,"level":30,"time":"2020-08-27T03:12:06.695Z","msg":"SQL channel job 89 (removeUnprocessed) succeeded in 27ms","v":0}
{"name":"log","hostname":"arch","pid":1824,"level":30,"time":"2020-08-27T03:12:07.394Z","msg":"queueing envelope [REDACTED]e19.1 1598497922114 (38caca158cb047039d042a0625d48df6)","v":0}
{"name":"log","hostname":"arch","pid":1824,"level":30,"time":"2020-08-27T03:12:07.394Z","msg":"message from [REDACTED]e19.1 1598497922114 (38caca158cb047039d042a0625d48df6)","v":0}
{"name":"log","hostname":"arch","pid":1824,"level":30,"time":"2020-08-27T03:12:07.396Z","msg":"contact sync","v":0}
{"name":"log","hostname":"arch","pid":1824,"level":30,"time":"2020-08-27T03:12:07.396Z","msg":"GET https://cdn.signal.org/attachments/7956221743120859564","v":0}
{"name":"log","hostname":"arch","pid":1824,"level":30,"time":"2020-08-27T03:12:07.797Z","msg":"GET https://cdn.signal.org/attachments/7956221743120859564 200 Success","v":0}
{"name":"log","hostname":"arch","pid":1824,"level":30,"time":"2020-08-27T03:12:07.800Z","msg":"handleContacts: finished","v":0}
{"name":"log","hostname":"arch","pid":1824,"level":30,"time":"2020-08-27T03:12:07.801Z","msg":"got verified sync for +[REDACTED]508 [REDACTED]970 DEFAULT via contact sync","v":0}
{"name":"log","hostname":"arch","pid":1824,"level":30,"time":"2020-08-27T03:12:07.802Z","msg":"got verified sync for +[REDACTED]509 [REDACTED]E0B DEFAULT via contact sync","v":0}
{"name":"log","hostname":"arch","pid":1824,"level":30,"time":"2020-08-27T03:12:07.804Z","msg":"got verified sync for +[REDACTED]513 [REDACTED]2A6 DEFAULT via contact sync","v":0}
{"name":"log","hostname":"arch","pid":1824,"level":30,"time":"2020-08-27T03:12:07.804Z","msg":"incrementProgress: Message count is 10","v":0}
{"name":"log","hostname":"arch","pid":1824,"level":30,"time":"2020-08-27T03:12:07.804Z","msg":"Got sync message with our own profile key","v":0}
{"name":"log","hostname":"arch","pid":1824,"level":30,"time":"2020-08-27T03:12:07.806Z","msg":"got verified sync for +[REDACTED]456 [REDACTED]E19 DEFAULT via contact sync","v":0}
{"name":"log","hostname":"arch","pid":1824,"level":30,"time":"2020-08-27T03:12:07.817Z","msg":"SQL channel job 91 (createOrUpdateItem) succeeded in 13ms","v":0}
{"name":"log","hostname":"arch","pid":1824,"level":30,"time":"2020-08-27T03:12:07.915Z","msg":"SQL channel job 93 (updateUnprocessedsWithData) succeeded in 19ms","v":0}
{"name":"log","hostname":"arch","pid":1824,"level":30,"time":"2020-08-27T03:12:07.922Z","msg":"SQL channel job 94 (removeUnprocessed) succeeded in 26ms","v":0}
{"name":"log","hostname":"arch","pid":1824,"level":30,"time":"2020-08-27T03:12:08.319Z","msg":"SQL channel job 95 (updateConversations) succeeded in 13ms","v":0}
{"name":"log","hostname":"arch","pid":1824,"level":30,"time":"2020-08-27T03:12:24.575Z","msg":"destroyExpiredMessages: Loading messages...","v":0}
{"name":"log","hostname":"arch","pid":1824,"level":30,"time":"2020-08-27T03:12:24.577Z","msg":"Message expired {\"sentAt\":1598497884485}","v":0}
{"name":"log","hostname":"arch","pid":1824,"level":30,"time":"2020-08-27T03:12:24.590Z","msg":"SQL channel job 99 (removeMessage) succeeded in 13ms","v":0}
{"name":"log","hostname":"arch","pid":1824,"level":30,"time":"2020-08-27T03:12:24.593Z","msg":"Remove expired message from collection {\"sentAt\":1598497884485}","v":0}
{"name":"log","hostname":"arch","pid":1824,"level":30,"time":"2020-08-27T03:12:24.596Z","msg":"destroyExpiredMessages: complete","v":0}
{"name":"log","hostname":"arch","pid":1824,"level":30,"time":"2020-08-27T03:12:50.315Z","msg":"Remove all notifications","v":0}
{"name":"log","hostname":"arch","pid":1824,"level":30,"msg":"Updating BrowserWindow config: {\"maximized\":false,\"autoHideMenuBar\":true,\"fullscreen\":false,\"width\":797,\"height\":987,\"x\":1092,\"y\":62}","time":"2020-08-27T03:12:50.843Z","v":0}
{"name":"log","hostname":"arch","pid":1824,"level":30,"msg":"config/set: Saving ephemeral config to disk","time":"2020-08-27T03:12:50.843Z","v":0}
{"name":"log","hostname":"arch","pid":1824,"level":30,"time":"2020-08-27T03:12:55.315Z","msg":"Remove all notifications","v":0}
{"name":"log","hostname":"arch","pid":1824,"level":30,"time":"2020-08-27T03:12:56.330Z","msg":"SQL channel job 105 (updateConversations) succeeded in 13ms","v":0}
{"name":"log","hostname":"arch","pid":1824,"level":30,"time":"2020-08-27T03:13:02.184Z","msg":"Sending a keepalive message","v":0}
{"name":"log","hostname":"arch","pid":1824,"level":30,"time":"2020-08-27T03:13:57.477Z","msg":"Sending a keepalive message","v":0}
{"name":"log","hostname":"arch","pid":1824,"level":30,"time":"2020-08-27T03:14:07.395Z","msg":"getAllFromCache","v":0}
{"name":"log","hostname":"arch","pid":1824,"level":30,"time":"2020-08-27T03:14:07.396Z","msg":"getAllFromCache loaded 0 saved envelopes","v":0}
{"name":"log","hostname":"arch","pid":1824,"level":30,"time":"2020-08-27T03:14:52.576Z","msg":"Sending a keepalive message","v":0}
{"name":"log","hostname":"arch","pid":1824,"level":30,"time":"2020-08-27T03:15:47.660Z","msg":"Sending a keepalive message","v":0}
{"name":"log","hostname":"arch","pid":1824,"level":30,"msg":"Updating BrowserWindow config: {\"maximized\":false,\"autoHideMenuBar\":true,\"fullscreen\":false,\"width\":797,\"height\":987,\"x\":-1597,\"y\":62}","time":"2020-08-27T03:16:24.844Z","v":0}
{"name":"log","hostname":"arch","pid":1824,"level":30,"msg":"config/set: Saving ephemeral config to disk","time":"2020-08-27T03:16:24.844Z","v":0}
{"name":"log","hostname":"arch","pid":1824,"level":30,"msg":"Updating BrowserWindow config: {\"maximized\":false,\"autoHideMenuBar\":true,\"fullscreen\":false,\"width\":797,\"height\":987,\"x\":1092,\"y\":62}","time":"2020-08-27T03:16:27.657Z","v":0}
{"name":"log","hostname":"arch","pid":1824,"level":30,"msg":"config/set: Saving ephemeral config to disk","time":"2020-08-27T03:16:27.657Z","v":0}
{"name":"log","hostname":"arch","pid":1824,"level":30,"time":"2020-08-27T03:16:29.787Z","msg":"Remove all notifications","v":0}
{"name":"log","hostname":"arch","pid":1824,"level":30,"time":"2020-08-27T03:16:30.128Z","msg":"Send pre-checks took 3 milliseconds","v":0}
{"name":"log","hostname":"arch","pid":1824,"level":30,"time":"2020-08-27T03:16:30.128Z","msg":"Sending message to conversation [REDACTED]e19 ([REDACTED]867) with timestamp 1598498190128","v":0}
{"name":"log","hostname":"arch","pid":1824,"level":30,"time":"2020-08-27T03:16:30.161Z","msg":"SQL channel job 112 (saveMessage) succeeded in 11ms","v":0}
{"name":"log","hostname":"arch","pid":1824,"level":30,"time":"2020-08-27T03:16:30.183Z","msg":"PUT https://textsecure-service.whispersystems.org/v1/messages/[REDACTED]e19","v":0}
{"name":"log","hostname":"arch","pid":1824,"level":30,"time":"2020-08-27T03:16:30.183Z","msg":"Cycling agent for type -auth","v":0}
{"name":"log","hostname":"arch","pid":1824,"level":30,"time":"2020-08-27T03:16:30.184Z","msg":"SQL channel job 113 (saveMessage) succeeded in 12ms","v":0}
{"name":"log","hostname":"arch","pid":1824,"level":30,"time":"2020-08-27T03:16:30.184Z","msg":"Set message expiration {\"expiresAt\":1598498250172,\"sentAt\":1598498190128}","v":0}
{"name":"log","hostname":"arch","pid":1824,"level":30,"time":"2020-08-27T03:16:30.697Z","msg":"SQL channel job 117 (createOrUpdateSessions) succeeded in 14ms","v":0}
{"name":"log","hostname":"arch","pid":1824,"level":30,"time":"2020-08-27T03:16:31.185Z","msg":"next message expires 2020-08-27T03:17:30.172Z","v":0}
{"name":"log","hostname":"arch","pid":1824,"level":30,"time":"2020-08-27T03:16:35.221Z","msg":"PUT https://textsecure-service.whispersystems.org/v1/messages/[REDACTED]e19 200 Success","v":0}
{"name":"log","hostname":"arch","pid":1824,"level":30,"time":"2020-08-27T03:16:35.234Z","msg":"SQL channel job 121 (saveMessage) succeeded in 11ms","v":0}
{"name":"log","hostname":"arch","pid":1824,"level":30,"time":"2020-08-27T03:16:35.246Z","msg":"SQL channel job 122 (saveMessage) succeeded in 11ms","v":0}
{"name":"log","hostname":"arch","pid":1824,"level":30,"time":"2020-08-27T03:16:36.247Z","msg":"next message expires 2020-08-27T03:17:30.172Z","v":0}
{"name":"log","hostname":"arch","pid":1824,"level":30,"time":"2020-08-27T03:16:42.747Z","msg":"Sending a keepalive message","v":0}
{"name":"log","hostname":"arch","pid":1824,"level":30,"time":"2020-08-27T03:16:52.790Z","msg":"SQL channel job 127 (saveUnprocesseds) succeeded in 11ms","v":0}
{"name":"log","hostname":"arch","pid":1824,"level":30,"time":"2020-08-27T03:16:52.790Z","msg":"queueing envelope [REDACTED]e19.1 1598498211952 (78786dbcd64c4a268cfb2ffed3f8b763)","v":0}
{"name":"log","hostname":"arch","pid":1824,"level":30,"time":"2020-08-27T03:16:52.790Z","msg":"message from [REDACTED]e19.1 1598498211952 (78786dbcd64c4a268cfb2ffed3f8b763)","v":0}
{"name":"log","hostname":"arch","pid":1824,"level":30,"time":"2020-08-27T03:16:52.790Z","msg":"New remote ephemeral key","v":0}
{"name":"log","hostname":"arch","pid":1824,"level":30,"time":"2020-08-27T03:16:52.792Z","msg":"Deleting chain closed at 1598219017910","v":0}
{"name":"log","hostname":"arch","pid":1824,"level":50,"time":"2020-08-27T03:16:52.793Z","msg":"queueEnvelope error handling envelope [REDACTED]e19.1 1598498211952 (78786dbcd64c4a268cfb2ffed3f8b763) : Error: Got empty SyncMessage\n    at MessageReceiverInner.handleSyncMessage ([REDACTED]/app.asar/ts/textsecure/MessageReceiver.js:968:15)\n    at MessageReceiverInner.innerHandleContentMessage ([REDACTED]/app.asar/ts/textsecure/MessageReceiver.js:815:25)\n    at [REDACTED]/app.asar/ts/textsecure/MessageReceiver.js:809:25","v":0}
{"name":"log","hostname":"arch","pid":1824,"level":30,"time":"2020-08-27T03:16:53.306Z","msg":"SQL channel job 128 (createOrUpdateSessions) succeeded in 13ms","v":0}
{"name":"log","hostname":"arch","pid":1824,"level":30,"time":"2020-08-27T03:16:53.315Z","msg":"SQL channel job 129 (updateUnprocessedsWithData) succeeded in 22ms","v":0}
{"name":"log","hostname":"arch","pid":1824,"level":30,"time":"2020-08-27T03:16:53.325Z","msg":"SQL channel job 130 (removeUnprocessed) succeeded in 32ms","v":0}
{"name":"log","hostname":"arch","pid":1824,"level":30,"time":"2020-08-27T03:17:30.172Z","msg":"destroyExpiredMessages: Loading messages...","v":0}
{"name":"log","hostname":"arch","pid":1824,"level":30,"time":"2020-08-27T03:17:30.173Z","msg":"Message expired {\"sentAt\":1598498190128}","v":0}
{"name":"log","hostname":"arch","pid":1824,"level":30,"time":"2020-08-27T03:17:30.187Z","msg":"SQL channel job 134 (removeMessage) succeeded in 13ms","v":0}
{"name":"log","hostname":"arch","pid":1824,"level":30,"time":"2020-08-27T03:17:30.191Z","msg":"Remove expired message from collection {\"sentAt\":1598498190128}","v":0}
{"name":"log","hostname":"arch","pid":1824,"level":30,"time":"2020-08-27T03:17:30.192Z","msg":"destroyExpiredMessages: complete","v":0}
{"name":"log","hostname":"arch","pid":1824,"level":30,"time":"2020-08-27T03:17:30.908Z","msg":"SQL channel job 137 (updateConversations) succeeded in 13ms","v":0}
{"name":"log","hostname":"arch","pid":1824,"level":30,"time":"2020-08-27T03:17:40.548Z","msg":"Remove all notifications","v":0}
{"name":"log","hostname":"arch","pid":1824,"level":30,"msg":"Updating BrowserWindow config: {\"maximized\":false,\"autoHideMenuBar\":true,\"fullscreen\":false,\"width\":797,\"height\":987,\"x\":-1597,\"y\":62}","time":"2020-08-27T03:17:41.089Z","v":0}
{"name":"log","hostname":"arch","pid":1824,"level":30,"msg":"config/set: Saving ephemeral config to disk","time":"2020-08-27T03:17:41.090Z","v":0}
{"name":"log","hostname":"arch","pid":1824,"level":30,"time":"2020-08-27T03:17:47.579Z","msg":"Sending a keepalive message","v":0}
{"name":"log","hostname":"arch","pid":1824,"level":30,"msg":"Updating BrowserWindow config: {\"maximized\":false,\"autoHideMenuBar\":true,\"fullscreen\":false,\"width\":797,\"height\":987,\"x\":1092,\"y\":62}","time":"2020-08-27T03:17:54.453Z","v":0}
{"name":"log","hostname":"arch","pid":1824,"level":30,"msg":"config/set: Saving ephemeral config to disk","time":"2020-08-27T03:17:54.453Z","v":0}
{"name":"log","hostname":"arch","pid":1824,"level":30,"time":"2020-08-27T03:17:58.542Z","msg":"Remove all notifications","v":0}
{"name":"log","hostname":"arch","pid":1824,"level":30,"msg":"Updating BrowserWindow config: {\"maximized\":false,\"autoHideMenuBar\":true,\"fullscreen\":false,\"width\":797,\"height\":987,\"x\":1092,\"y\":62}","time":"2020-08-27T03:17:59.137Z","v":0}
{"name":"log","hostname":"arch","pid":1824,"level":30,"msg":"config/set: Saving ephemeral config to disk","time":"2020-08-27T03:17:59.137Z","v":0}
{"name":"log","hostname":"arch","pid":1824,"level":30,"msg":"close event {\"shouldQuit\":false}","time":"2020-08-27T03:18:01.048Z","v":0}
{"name":"log","hostname":"arch","pid":1824,"level":30,"msg":"requestShutdown: Requesting close of mainWindow...","time":"2020-08-27T03:18:01.049Z","v":0}
{"name":"log","hostname":"arch","pid":1824,"level":30,"time":"2020-08-27T03:18:01.051Z","msg":"background/shutdown","v":0}
{"name":"log","hostname":"arch","pid":1824,"level":30,"time":"2020-08-27T03:18:01.051Z","msg":"attachment_downloads/stop: disabling","v":0}
{"name":"log","hostname":"arch","pid":1824,"level":30,"time":"2020-08-27T03:18:01.051Z","msg":"MessageReceiver: stopProcessing requested","v":0}
{"name":"log","hostname":"arch","pid":1824,"level":30,"time":"2020-08-27T03:18:01.051Z","msg":"MessageReceiver.close()","v":0}
{"name":"log","hostname":"arch","pid":1824,"level":30,"time":"2020-08-27T03:18:01.051Z","msg":"WebSocketResource.close()","v":0}
{"name":"log","hostname":"arch","pid":1824,"level":30,"time":"2020-08-27T03:18:01.052Z","msg":"drained","v":0}
{"name":"log","hostname":"arch","pid":1824,"level":30,"time":"2020-08-27T03:18:01.052Z","msg":"MessageReceiver: unregister batchers","v":0}
{"name":"log","hostname":"arch","pid":1824,"level":30,"msg":"requestShutdown: Response received","time":"2020-08-27T03:18:01.054Z","v":0}
{"name":"log","hostname":"arch","pid":1824,"level":30,"msg":"before-quit event {\"readyForShutdown\":true,\"shouldQuit\":false}","time":"2020-08-27T03:18:01.054Z","v":0}
{"name":"log","hostname":"arch","pid":1824,"level":30,"msg":"close event {\"readyForShutdown\":true,\"shouldQuit\":true}","time":"2020-08-27T03:18:01.054Z","v":0}
